2d1
< No optimization will be done.
59a59,106
>   +-NULL
>   +-NULL
> 
> Optimized AST for global level
> Statement list (preceding, last_stmt)
> +-Statement list (preceding, last_stmt)
> | +-Statement list (preceding, last_stmt)
> | | +-Statement list (preceding, last_stmt)
> | | | +-Statement list (preceding, last_stmt)
> | | | | +-NULL
> | | | | +-Assignment (left, right)
> | | | |   +-Id (I) [INTEGER]
> | | | |   +-Integer [4]
> | | | +-Assignment (left, right)
> | | |   +-Id (I) [INTEGER]
> | | |   +-Integer [3]
> | | +-Assignment (left, right)
> | |   +-Id (A) [INTEGER]
> | |   +-Add (left, right) [INTEGER]
> | |     +-Id (I) [INTEGER]
> | |     +-Integer [1]
> | +-If (condition, then, elsif, else)
> |   +-Less than (left, right) [INTEGER]
> |   | +-Integer [-1]
> |   | +-Integer [4]
> |   +-Statement list (preceding, last_stmt)
> |   | +-NULL
> |   | +-Assignment (left, right)
> |   |   +-Id (I) [INTEGER]
> |   |   +-Add (left, right) [INTEGER]
> |   |     +-Id (A) [INTEGER]
> |   |     +-Integer [5]
> |   +-NULL
> |   +-NULL
> +-If (condition, then, elsif, else)
>   +-Integer [1]
>   +-Statement list (preceding, last_stmt)
>   | +-Statement list (preceding, last_stmt)
>   | | +-NULL
>   | | +-Assignment (left, right)
>   | |   +-Id (P) [REAL]
>   | |   +-Divide (left, right) [REAL]
>   | |     +-Real [15]
>   | |     +-Cast [REAL]
>   | |       +-Integer [2]
>   | +-Assignment (left, right)
>   |   +-Id (Q) [REAL]
>   |   +-Real [6.6]
